<?xml version="1.0" encoding="UTF-8"?>
<!-- Generated by org.testng.reporters.JUnitReportReporter -->
<testsuite hostname="LAPTOP-RJLSA4M0" failures="0" tests="1" name="com.training.sanity.tests.LoginTests" time="36.781" errors="0" timestamp="2020-10-17T22:41:35 IST" skipped="0">
  <testcase classname="com.training.sanity.tests.LoginTests" name="checkOut" time="36.781"/>
  <system-out/>
</testsuite> <!-- com.training.sanity.tests.LoginTests -->
